2025-05-09 12:56:26,614 - crypto_data_scraper - INFO - CryptoDataScraper initialized to collect 5 days of ONE_MINUTE candles
2025-05-09 12:56:26,614 - crypto_data_scraper - INFO - Time range: 2025-05-04 12:56:26 to 2025-05-09 12:56:26
2025-05-09 12:56:26,968 - crypto_data_scraper - INFO - Found 298 USDC trading pairs
2025-05-09 12:56:26,970 - crypto_data_scraper - INFO - Found 298 products to scrape
2025-05-09 12:56:26,970 - crypto_data_scraper - INFO - Limited to 3 products for scraping
2025-05-09 12:56:26,971 - crypto_data_scraper - INFO - Processing 1/3: BTC-USDC
2025-05-09 12:56:26,971 - crypto_data_scraper - INFO - Fetching historical data for BTC-USDC
2025-05-09 12:56:26,972 - crypto_data_scraper - INFO - Need to make 24 API calls to fetch all data for BTC-USDC
2025-05-09 12:56:26,972 - crypto_data_scraper - INFO - Fetching chunk 1/24 for BTC-USDC: 2025-05-04 12:56:26 to 2025-05-04 17:56:26
2025-05-09 12:56:27,190 - crypto_data_scraper - INFO - Fetched 300 candles for chunk 1
2025-05-09 12:56:27,191 - crypto_data_scraper - INFO - Fetching chunk 2/24 for BTC-USDC: 2025-05-04 17:56:26 to 2025-05-04 22:56:26
2025-05-09 12:56:28,327 - crypto_data_scraper - INFO - Fetched 300 candles for chunk 2
2025-05-09 12:56:28,327 - crypto_data_scraper - INFO - Fetching chunk 3/24 for BTC-USDC: 2025-05-04 22:56:26 to 2025-05-05 03:56:26
2025-05-09 12:56:29,459 - crypto_data_scraper - INFO - Fetched 300 candles for chunk 3
2025-05-09 12:56:29,460 - crypto_data_scraper - INFO - Fetching chunk 4/24 for BTC-USDC: 2025-05-05 03:56:26 to 2025-05-05 08:56:26
2025-05-09 12:56:30,595 - crypto_data_scraper - INFO - Fetched 300 candles for chunk 4
2025-05-09 12:56:30,595 - crypto_data_scraper - INFO - Fetching chunk 5/24 for BTC-USDC: 2025-05-05 08:56:26 to 2025-05-05 13:56:26
2025-05-09 12:56:31,736 - crypto_data_scraper - INFO - Fetched 300 candles for chunk 5
2025-05-09 12:56:31,736 - crypto_data_scraper - INFO - Fetching chunk 6/24 for BTC-USDC: 2025-05-05 13:56:26 to 2025-05-05 18:56:26
2025-05-09 12:56:32,969 - crypto_data_scraper - INFO - Fetched 300 candles for chunk 6
2025-05-09 12:56:32,975 - crypto_data_scraper - INFO - Fetching chunk 7/24 for BTC-USDC: 2025-05-05 18:56:26 to 2025-05-05 23:56:26
2025-05-09 12:56:34,122 - crypto_data_scraper - INFO - Fetched 300 candles for chunk 7
2025-05-09 12:56:34,123 - crypto_data_scraper - INFO - Fetching chunk 8/24 for BTC-USDC: 2025-05-05 23:56:26 to 2025-05-06 04:56:26
2025-05-09 12:56:35,307 - crypto_data_scraper - INFO - Fetched 300 candles for chunk 8
2025-05-09 12:56:35,308 - crypto_data_scraper - INFO - Fetching chunk 9/24 for BTC-USDC: 2025-05-06 04:56:26 to 2025-05-06 09:56:26
2025-05-09 12:56:36,522 - crypto_data_scraper - INFO - Fetched 300 candles for chunk 9
2025-05-09 12:56:36,523 - crypto_data_scraper - INFO - Fetching chunk 10/24 for BTC-USDC: 2025-05-06 09:56:26 to 2025-05-06 14:56:26
2025-05-09 12:56:37,731 - crypto_data_scraper - INFO - Fetched 300 candles for chunk 10
2025-05-09 12:56:37,731 - crypto_data_scraper - INFO - Fetching chunk 11/24 for BTC-USDC: 2025-05-06 14:56:26 to 2025-05-06 19:56:26
2025-05-09 12:56:38,948 - crypto_data_scraper - INFO - Fetched 300 candles for chunk 11
2025-05-09 12:56:38,948 - crypto_data_scraper - INFO - Fetching chunk 12/24 for BTC-USDC: 2025-05-06 19:56:26 to 2025-05-07 00:56:26
2025-05-09 12:56:40,175 - crypto_data_scraper - INFO - Fetched 300 candles for chunk 12
2025-05-09 12:56:40,176 - crypto_data_scraper - INFO - Fetching chunk 13/24 for BTC-USDC: 2025-05-07 00:56:26 to 2025-05-07 05:56:26
2025-05-09 12:56:41,404 - crypto_data_scraper - INFO - Fetched 300 candles for chunk 13
2025-05-09 12:56:41,404 - crypto_data_scraper - INFO - Fetching chunk 14/24 for BTC-USDC: 2025-05-07 05:56:26 to 2025-05-07 10:56:26
2025-05-09 12:56:42,656 - crypto_data_scraper - INFO - Fetched 300 candles for chunk 14
2025-05-09 12:56:42,657 - crypto_data_scraper - INFO - Fetching chunk 15/24 for BTC-USDC: 2025-05-07 10:56:26 to 2025-05-07 15:56:26
2025-05-09 12:56:43,930 - crypto_data_scraper - INFO - Fetched 300 candles for chunk 15
2025-05-09 12:56:43,930 - crypto_data_scraper - INFO - Fetching chunk 16/24 for BTC-USDC: 2025-05-07 15:56:26 to 2025-05-07 20:56:26
2025-05-09 12:56:45,068 - crypto_data_scraper - INFO - Fetched 300 candles for chunk 16
2025-05-09 12:56:45,068 - crypto_data_scraper - INFO - Fetching chunk 17/24 for BTC-USDC: 2025-05-07 20:56:26 to 2025-05-08 01:56:26
2025-05-09 12:56:46,276 - crypto_data_scraper - INFO - Fetched 300 candles for chunk 17
2025-05-09 12:56:46,276 - crypto_data_scraper - INFO - Fetching chunk 18/24 for BTC-USDC: 2025-05-08 01:56:26 to 2025-05-08 06:56:26
2025-05-09 12:56:47,423 - crypto_data_scraper - INFO - Fetched 300 candles for chunk 18
2025-05-09 12:56:47,424 - crypto_data_scraper - INFO - Fetching chunk 19/24 for BTC-USDC: 2025-05-08 06:56:26 to 2025-05-08 11:56:26
2025-05-09 12:56:48,633 - crypto_data_scraper - INFO - Fetched 300 candles for chunk 19
2025-05-09 12:56:48,633 - crypto_data_scraper - INFO - Fetching chunk 20/24 for BTC-USDC: 2025-05-08 11:56:26 to 2025-05-08 16:56:26
2025-05-09 12:56:49,857 - crypto_data_scraper - INFO - Fetched 300 candles for chunk 20
2025-05-09 12:56:49,857 - crypto_data_scraper - INFO - Fetching chunk 21/24 for BTC-USDC: 2025-05-08 16:56:26 to 2025-05-08 21:56:26
2025-05-09 12:56:50,996 - crypto_data_scraper - INFO - Fetched 300 candles for chunk 21
2025-05-09 12:56:50,996 - crypto_data_scraper - INFO - Fetching chunk 22/24 for BTC-USDC: 2025-05-08 21:56:26 to 2025-05-09 02:56:26
2025-05-09 12:56:52,125 - crypto_data_scraper - INFO - Fetched 300 candles for chunk 22
2025-05-09 12:56:52,125 - crypto_data_scraper - INFO - Fetching chunk 23/24 for BTC-USDC: 2025-05-09 02:56:26 to 2025-05-09 07:56:26
2025-05-09 12:56:53,269 - crypto_data_scraper - INFO - Fetched 300 candles for chunk 23
2025-05-09 12:56:53,269 - crypto_data_scraper - INFO - Fetching chunk 24/24 for BTC-USDC: 2025-05-09 07:56:26 to 2025-05-09 12:56:26
2025-05-09 12:56:54,494 - crypto_data_scraper - INFO - Fetched 300 candles for chunk 24
2025-05-09 12:56:54,513 - crypto_data_scraper - INFO - Average interval between candles for BTC-USDC: 60.0 seconds
2025-05-09 12:56:54,513 - crypto_data_scraper - INFO - Successfully fetched 7200 one-minute candles for BTC-USDC
2025-05-09 12:56:54,519 - crypto_data_scraper - ERROR - Error saving data for BTC-USDC: Unable to find a usable engine; tried using: 'pyarrow', 'fastparquet'.
A suitable version of pyarrow or fastparquet is required for parquet support.
Trying to import the above resulted in these errors:
 - Missing optional dependency 'pyarrow'. pyarrow is required for parquet support. Use pip or conda to install pyarrow.
 - Missing optional dependency 'fastparquet'. fastparquet is required for parquet support. Use pip or conda to install fastparquet.
2025-05-09 12:56:56,119 - crypto_data_scraper - INFO - Processing 2/3: ETH-USDC
2025-05-09 12:56:56,120 - crypto_data_scraper - INFO - Fetching historical data for ETH-USDC
2025-05-09 12:56:56,120 - crypto_data_scraper - INFO - Need to make 24 API calls to fetch all data for ETH-USDC
2025-05-09 12:56:56,120 - crypto_data_scraper - INFO - Fetching chunk 1/24 for ETH-USDC: 2025-05-04 12:56:26 to 2025-05-04 17:56:26
2025-05-09 12:56:56,319 - crypto_data_scraper - INFO - Fetched 300 candles for chunk 1
2025-05-09 12:56:56,320 - crypto_data_scraper - INFO - Fetching chunk 2/24 for ETH-USDC: 2025-05-04 17:56:26 to 2025-05-04 22:56:26
2025-05-09 12:56:57,529 - crypto_data_scraper - INFO - Fetched 300 candles for chunk 2
2025-05-09 12:56:57,530 - crypto_data_scraper - INFO - Fetching chunk 3/24 for ETH-USDC: 2025-05-04 22:56:26 to 2025-05-05 03:56:26
2025-05-09 12:56:58,676 - crypto_data_scraper - INFO - Fetched 300 candles for chunk 3
2025-05-09 12:56:58,676 - crypto_data_scraper - INFO - Fetching chunk 4/24 for ETH-USDC: 2025-05-05 03:56:26 to 2025-05-05 08:56:26
2025-05-09 12:56:59,813 - crypto_data_scraper - INFO - Fetched 300 candles for chunk 4
2025-05-09 12:56:59,814 - crypto_data_scraper - INFO - Fetching chunk 5/24 for ETH-USDC: 2025-05-05 08:56:26 to 2025-05-05 13:56:26
2025-05-09 12:57:00,945 - crypto_data_scraper - INFO - Fetched 300 candles for chunk 5
2025-05-09 12:57:00,946 - crypto_data_scraper - INFO - Fetching chunk 6/24 for ETH-USDC: 2025-05-05 13:56:26 to 2025-05-05 18:56:26
2025-05-09 12:57:02,081 - crypto_data_scraper - INFO - Fetched 300 candles for chunk 6
2025-05-09 12:57:02,081 - crypto_data_scraper - INFO - Fetching chunk 7/24 for ETH-USDC: 2025-05-05 18:56:26 to 2025-05-05 23:56:26
2025-05-09 12:57:03,292 - crypto_data_scraper - INFO - Fetched 300 candles for chunk 7
2025-05-09 12:57:03,293 - crypto_data_scraper - INFO - Fetching chunk 8/24 for ETH-USDC: 2025-05-05 23:56:26 to 2025-05-06 04:56:26
2025-05-09 12:57:04,428 - crypto_data_scraper - INFO - Fetched 300 candles for chunk 8
2025-05-09 12:57:04,428 - crypto_data_scraper - INFO - Fetching chunk 9/24 for ETH-USDC: 2025-05-06 04:56:26 to 2025-05-06 09:56:26
2025-05-09 12:57:05,630 - crypto_data_scraper - INFO - Fetched 300 candles for chunk 9
2025-05-09 12:57:05,630 - crypto_data_scraper - INFO - Fetching chunk 10/24 for ETH-USDC: 2025-05-06 09:56:26 to 2025-05-06 14:56:26
2025-05-09 12:57:06,968 - crypto_data_scraper - INFO - Fetched 300 candles for chunk 10
2025-05-09 12:57:06,968 - crypto_data_scraper - INFO - Fetching chunk 11/24 for ETH-USDC: 2025-05-06 14:56:26 to 2025-05-06 19:56:26
2025-05-09 12:57:08,258 - crypto_data_scraper - INFO - Fetched 300 candles for chunk 11
2025-05-09 12:57:08,259 - crypto_data_scraper - INFO - Fetching chunk 12/24 for ETH-USDC: 2025-05-06 19:56:26 to 2025-05-07 00:56:26
2025-05-09 12:57:09,472 - crypto_data_scraper - INFO - Fetched 300 candles for chunk 12
2025-05-09 12:57:09,472 - crypto_data_scraper - INFO - Fetching chunk 13/24 for ETH-USDC: 2025-05-07 00:56:26 to 2025-05-07 05:56:26
2025-05-09 12:57:10,620 - crypto_data_scraper - INFO - Fetched 300 candles for chunk 13
2025-05-09 12:57:10,621 - crypto_data_scraper - INFO - Fetching chunk 14/24 for ETH-USDC: 2025-05-07 05:56:26 to 2025-05-07 10:56:26
2025-05-09 12:57:11,766 - crypto_data_scraper - INFO - Fetched 300 candles for chunk 14
2025-05-09 12:57:11,767 - crypto_data_scraper - INFO - Fetching chunk 15/24 for ETH-USDC: 2025-05-07 10:56:26 to 2025-05-07 15:56:26
2025-05-09 12:57:12,980 - crypto_data_scraper - INFO - Fetched 300 candles for chunk 15
2025-05-09 12:57:12,980 - crypto_data_scraper - INFO - Fetching chunk 16/24 for ETH-USDC: 2025-05-07 15:56:26 to 2025-05-07 20:56:26
2025-05-09 12:57:14,201 - crypto_data_scraper - INFO - Fetched 300 candles for chunk 16
2025-05-09 12:57:14,201 - crypto_data_scraper - INFO - Fetching chunk 17/24 for ETH-USDC: 2025-05-07 20:56:26 to 2025-05-08 01:56:26
2025-05-09 12:57:15,399 - crypto_data_scraper - INFO - Fetched 300 candles for chunk 17
2025-05-09 12:57:15,399 - crypto_data_scraper - INFO - Fetching chunk 18/24 for ETH-USDC: 2025-05-08 01:56:26 to 2025-05-08 06:56:26
2025-05-09 12:57:16,545 - crypto_data_scraper - INFO - Fetched 300 candles for chunk 18
2025-05-09 12:57:16,546 - crypto_data_scraper - INFO - Fetching chunk 19/24 for ETH-USDC: 2025-05-08 06:56:26 to 2025-05-08 11:56:26
2025-05-09 12:57:17,750 - crypto_data_scraper - INFO - Fetched 300 candles for chunk 19
2025-05-09 12:57:17,751 - crypto_data_scraper - INFO - Fetching chunk 20/24 for ETH-USDC: 2025-05-08 11:56:26 to 2025-05-08 16:56:26
2025-05-09 12:57:18,886 - crypto_data_scraper - INFO - Fetched 300 candles for chunk 20
2025-05-09 12:57:18,887 - crypto_data_scraper - INFO - Fetching chunk 21/24 for ETH-USDC: 2025-05-08 16:56:26 to 2025-05-08 21:56:26
2025-05-09 12:57:20,035 - crypto_data_scraper - INFO - Fetched 300 candles for chunk 21
2025-05-09 12:57:20,035 - crypto_data_scraper - INFO - Fetching chunk 22/24 for ETH-USDC: 2025-05-08 21:56:26 to 2025-05-09 02:56:26
2025-05-09 12:57:21,251 - crypto_data_scraper - INFO - Fetched 300 candles for chunk 22
2025-05-09 12:57:21,251 - crypto_data_scraper - INFO - Fetching chunk 23/24 for ETH-USDC: 2025-05-09 02:56:26 to 2025-05-09 07:56:26
2025-05-09 12:57:22,392 - crypto_data_scraper - INFO - Fetched 300 candles for chunk 23
2025-05-09 12:57:22,393 - crypto_data_scraper - INFO - Fetching chunk 24/24 for ETH-USDC: 2025-05-09 07:56:26 to 2025-05-09 12:56:26
2025-05-09 12:57:23,519 - crypto_data_scraper - INFO - Fetched 300 candles for chunk 24
2025-05-09 12:57:23,538 - crypto_data_scraper - INFO - Average interval between candles for ETH-USDC: 60.0 seconds
2025-05-09 12:57:23,539 - crypto_data_scraper - INFO - Successfully fetched 7200 one-minute candles for ETH-USDC
2025-05-09 12:57:23,545 - crypto_data_scraper - ERROR - Error saving data for ETH-USDC: Unable to find a usable engine; tried using: 'pyarrow', 'fastparquet'.
A suitable version of pyarrow or fastparquet is required for parquet support.
Trying to import the above resulted in these errors:
 - Missing optional dependency 'pyarrow'. pyarrow is required for parquet support. Use pip or conda to install pyarrow.
 - Missing optional dependency 'fastparquet'. fastparquet is required for parquet support. Use pip or conda to install fastparquet.
2025-05-09 12:57:25,056 - crypto_data_scraper - INFO - Processing 3/3: XRP-USDC
2025-05-09 12:57:25,056 - crypto_data_scraper - INFO - Fetching historical data for XRP-USDC
2025-05-09 12:57:25,056 - crypto_data_scraper - INFO - Need to make 24 API calls to fetch all data for XRP-USDC
2025-05-09 12:57:25,057 - crypto_data_scraper - INFO - Fetching chunk 1/24 for XRP-USDC: 2025-05-04 12:56:26 to 2025-05-04 17:56:26
2025-05-09 12:57:25,280 - crypto_data_scraper - INFO - Fetched 300 candles for chunk 1
2025-05-09 12:57:25,320 - crypto_data_scraper - INFO - Fetching chunk 2/24 for XRP-USDC: 2025-05-04 17:56:26 to 2025-05-04 22:56:26
2025-05-09 12:57:26,600 - crypto_data_scraper - INFO - Fetched 300 candles for chunk 2
2025-05-09 12:57:26,600 - crypto_data_scraper - INFO - Fetching chunk 3/24 for XRP-USDC: 2025-05-04 22:56:26 to 2025-05-05 03:56:26
2025-05-09 12:57:27,734 - crypto_data_scraper - INFO - Fetched 300 candles for chunk 3
2025-05-09 12:57:27,735 - crypto_data_scraper - INFO - Fetching chunk 4/24 for XRP-USDC: 2025-05-05 03:56:26 to 2025-05-05 08:56:26
2025-05-09 12:57:28,939 - crypto_data_scraper - INFO - Fetched 300 candles for chunk 4
2025-05-09 12:57:28,940 - crypto_data_scraper - INFO - Fetching chunk 5/24 for XRP-USDC: 2025-05-05 08:56:26 to 2025-05-05 13:56:26
2025-05-09 12:57:30,138 - crypto_data_scraper - INFO - Fetched 300 candles for chunk 5
2025-05-09 12:57:30,138 - crypto_data_scraper - INFO - Fetching chunk 6/24 for XRP-USDC: 2025-05-05 13:56:26 to 2025-05-05 18:56:26
2025-05-09 12:57:31,333 - crypto_data_scraper - INFO - Fetched 300 candles for chunk 6
2025-05-09 12:57:31,333 - crypto_data_scraper - INFO - Fetching chunk 7/24 for XRP-USDC: 2025-05-05 18:56:26 to 2025-05-05 23:56:26
2025-05-09 12:57:32,541 - crypto_data_scraper - INFO - Fetched 300 candles for chunk 7
2025-05-09 12:57:32,542 - crypto_data_scraper - INFO - Fetching chunk 8/24 for XRP-USDC: 2025-05-05 23:56:26 to 2025-05-06 04:56:26
2025-05-09 12:57:33,678 - crypto_data_scraper - INFO - Fetched 300 candles for chunk 8
2025-05-09 12:57:33,679 - crypto_data_scraper - INFO - Fetching chunk 9/24 for XRP-USDC: 2025-05-06 04:56:26 to 2025-05-06 09:56:26
2025-05-09 12:57:34,808 - crypto_data_scraper - INFO - Fetched 300 candles for chunk 9
2025-05-09 12:57:34,808 - crypto_data_scraper - INFO - Fetching chunk 10/24 for XRP-USDC: 2025-05-06 09:56:26 to 2025-05-06 14:56:26
2025-05-09 12:57:36,015 - crypto_data_scraper - INFO - Fetched 300 candles for chunk 10
2025-05-09 12:57:36,015 - crypto_data_scraper - INFO - Fetching chunk 11/24 for XRP-USDC: 2025-05-06 14:56:26 to 2025-05-06 19:56:26
2025-05-09 12:57:37,180 - crypto_data_scraper - INFO - Fetched 300 candles for chunk 11
2025-05-09 12:57:37,181 - crypto_data_scraper - INFO - Fetching chunk 12/24 for XRP-USDC: 2025-05-06 19:56:26 to 2025-05-07 00:56:26
2025-05-09 12:57:38,382 - crypto_data_scraper - INFO - Fetched 300 candles for chunk 12
2025-05-09 12:57:38,383 - crypto_data_scraper - INFO - Fetching chunk 13/24 for XRP-USDC: 2025-05-07 00:56:26 to 2025-05-07 05:56:26
2025-05-09 12:57:39,605 - crypto_data_scraper - INFO - Fetched 300 candles for chunk 13
2025-05-09 12:57:39,606 - crypto_data_scraper - INFO - Fetching chunk 14/24 for XRP-USDC: 2025-05-07 05:56:26 to 2025-05-07 10:56:26
2025-05-09 12:57:40,752 - crypto_data_scraper - INFO - Fetched 300 candles for chunk 14
2025-05-09 12:57:40,752 - crypto_data_scraper - INFO - Fetching chunk 15/24 for XRP-USDC: 2025-05-07 10:56:26 to 2025-05-07 15:56:26
2025-05-09 12:57:41,875 - crypto_data_scraper - INFO - Fetched 300 candles for chunk 15
2025-05-09 12:57:41,875 - crypto_data_scraper - INFO - Fetching chunk 16/24 for XRP-USDC: 2025-05-07 15:56:26 to 2025-05-07 20:56:26
2025-05-09 12:57:43,017 - crypto_data_scraper - INFO - Fetched 300 candles for chunk 16
2025-05-09 12:57:43,018 - crypto_data_scraper - INFO - Fetching chunk 17/24 for XRP-USDC: 2025-05-07 20:56:26 to 2025-05-08 01:56:26
2025-05-09 12:57:44,145 - crypto_data_scraper - INFO - Fetched 300 candles for chunk 17
2025-05-09 12:57:44,146 - crypto_data_scraper - INFO - Fetching chunk 18/24 for XRP-USDC: 2025-05-08 01:56:26 to 2025-05-08 06:56:26
2025-05-09 12:57:45,384 - crypto_data_scraper - INFO - Fetched 300 candles for chunk 18
2025-05-09 12:57:45,385 - crypto_data_scraper - INFO - Fetching chunk 19/24 for XRP-USDC: 2025-05-08 06:56:26 to 2025-05-08 11:56:26
2025-05-09 12:57:46,513 - crypto_data_scraper - INFO - Fetched 300 candles for chunk 19
2025-05-09 12:57:46,514 - crypto_data_scraper - INFO - Fetching chunk 20/24 for XRP-USDC: 2025-05-08 11:56:26 to 2025-05-08 16:56:26
2025-05-09 12:57:47,734 - crypto_data_scraper - INFO - Fetched 300 candles for chunk 20
2025-05-09 12:57:47,734 - crypto_data_scraper - INFO - Fetching chunk 21/24 for XRP-USDC: 2025-05-08 16:56:26 to 2025-05-08 21:56:26
2025-05-09 12:57:48,948 - crypto_data_scraper - INFO - Fetched 300 candles for chunk 21
2025-05-09 12:57:48,948 - crypto_data_scraper - INFO - Fetching chunk 22/24 for XRP-USDC: 2025-05-08 21:56:26 to 2025-05-09 02:56:26
2025-05-09 12:57:50,154 - crypto_data_scraper - INFO - Fetched 300 candles for chunk 22
2025-05-09 12:57:50,155 - crypto_data_scraper - INFO - Fetching chunk 23/24 for XRP-USDC: 2025-05-09 02:56:26 to 2025-05-09 07:56:26
2025-05-09 12:57:51,300 - crypto_data_scraper - INFO - Fetched 300 candles for chunk 23
2025-05-09 12:57:51,300 - crypto_data_scraper - INFO - Fetching chunk 24/24 for XRP-USDC: 2025-05-09 07:56:26 to 2025-05-09 12:56:26
2025-05-09 12:57:52,455 - crypto_data_scraper - INFO - Fetched 300 candles for chunk 24
2025-05-09 12:57:52,472 - crypto_data_scraper - INFO - Average interval between candles for XRP-USDC: 60.0 seconds
2025-05-09 12:57:52,472 - crypto_data_scraper - INFO - Successfully fetched 7200 one-minute candles for XRP-USDC
2025-05-09 12:57:52,476 - crypto_data_scraper - ERROR - Error saving data for XRP-USDC: Unable to find a usable engine; tried using: 'pyarrow', 'fastparquet'.
A suitable version of pyarrow or fastparquet is required for parquet support.
Trying to import the above resulted in these errors:
 - Missing optional dependency 'pyarrow'. pyarrow is required for parquet support. Use pip or conda to install pyarrow.
 - Missing optional dependency 'fastparquet'. fastparquet is required for parquet support. Use pip or conda to install fastparquet.
2025-05-09 12:57:53,986 - crypto_data_scraper - INFO - Found 3 cryptocurrency directories
2025-05-09 12:57:53,987 - crypto_data_scraper - WARNING - No data found to create combined master file
2025-05-09 12:57:53,987 - crypto_data_scraper - INFO - Data scraping completed. Saved 0 files.
2025-05-09 13:10:35,141 - crypto_data_scraper - INFO - CryptoDataScraper initialized to collect 5 days of ONE_MINUTE candles
2025-05-09 13:10:35,141 - crypto_data_scraper - INFO - Time range: 2025-05-04 13:10:35 to 2025-05-09 13:10:35
2025-05-09 13:10:35,629 - crypto_data_scraper - INFO - Found 298 USDC trading pairs
2025-05-09 13:10:35,638 - crypto_data_scraper - INFO - Found 298 products to scrape
2025-05-09 13:10:35,644 - crypto_data_scraper - INFO - Limited to 3 products for scraping
2025-05-09 13:10:35,645 - crypto_data_scraper - INFO - Processing 1/3: ETH-USDC
2025-05-09 13:10:35,645 - crypto_data_scraper - INFO - Fetching historical data for ETH-USDC
2025-05-09 13:10:35,645 - crypto_data_scraper - INFO - Need to make 24 API calls to fetch all data for ETH-USDC
2025-05-09 13:10:35,646 - crypto_data_scraper - INFO - Fetching chunk 1/24 for ETH-USDC: 2025-05-04 13:10:35 to 2025-05-04 18:10:35
2025-05-09 13:10:35,860 - crypto_data_scraper - INFO - Fetched 300 candles for chunk 1
2025-05-09 13:10:35,860 - crypto_data_scraper - INFO - Fetching chunk 2/24 for ETH-USDC: 2025-05-04 18:10:35 to 2025-05-04 23:10:35
2025-05-09 13:10:37,055 - crypto_data_scraper - INFO - Fetched 300 candles for chunk 2
2025-05-09 13:10:37,056 - crypto_data_scraper - INFO - Fetching chunk 3/24 for ETH-USDC: 2025-05-04 23:10:35 to 2025-05-05 04:10:35
2025-05-09 13:10:38,191 - crypto_data_scraper - INFO - Fetched 300 candles for chunk 3
2025-05-09 13:10:38,192 - crypto_data_scraper - INFO - Fetching chunk 4/24 for ETH-USDC: 2025-05-05 04:10:35 to 2025-05-05 09:10:35
2025-05-09 13:10:39,387 - crypto_data_scraper - INFO - Fetched 300 candles for chunk 4
2025-05-09 13:10:39,388 - crypto_data_scraper - INFO - Fetching chunk 5/24 for ETH-USDC: 2025-05-05 09:10:35 to 2025-05-05 14:10:35
2025-05-09 13:10:40,525 - crypto_data_scraper - INFO - Fetched 300 candles for chunk 5
2025-05-09 13:10:40,525 - crypto_data_scraper - INFO - Fetching chunk 6/24 for ETH-USDC: 2025-05-05 14:10:35 to 2025-05-05 19:10:35
2025-05-09 13:10:41,660 - crypto_data_scraper - INFO - Fetched 300 candles for chunk 6
2025-05-09 13:10:41,661 - crypto_data_scraper - INFO - Fetching chunk 7/24 for ETH-USDC: 2025-05-05 19:10:35 to 2025-05-06 00:10:35
2025-05-09 13:10:42,793 - crypto_data_scraper - INFO - Fetched 300 candles for chunk 7
2025-05-09 13:10:42,793 - crypto_data_scraper - INFO - Fetching chunk 8/24 for ETH-USDC: 2025-05-06 00:10:35 to 2025-05-06 05:10:35
2025-05-09 13:10:44,018 - crypto_data_scraper - INFO - Fetched 300 candles for chunk 8
2025-05-09 13:10:44,018 - crypto_data_scraper - INFO - Fetching chunk 9/24 for ETH-USDC: 2025-05-06 05:10:35 to 2025-05-06 10:10:35
2025-05-09 13:10:45,253 - crypto_data_scraper - INFO - Fetched 300 candles for chunk 9
2025-05-09 13:10:45,253 - crypto_data_scraper - INFO - Fetching chunk 10/24 for ETH-USDC: 2025-05-06 10:10:35 to 2025-05-06 15:10:35
2025-05-09 13:10:46,450 - crypto_data_scraper - INFO - Fetched 300 candles for chunk 10
2025-05-09 13:10:46,451 - crypto_data_scraper - INFO - Fetching chunk 11/24 for ETH-USDC: 2025-05-06 15:10:35 to 2025-05-06 20:10:35
2025-05-09 13:10:47,612 - crypto_data_scraper - INFO - Fetched 300 candles for chunk 11
2025-05-09 13:10:47,613 - crypto_data_scraper - INFO - Fetching chunk 12/24 for ETH-USDC: 2025-05-06 20:10:35 to 2025-05-07 01:10:35
2025-05-09 13:10:48,805 - crypto_data_scraper - INFO - Fetched 300 candles for chunk 12
2025-05-09 13:10:48,805 - crypto_data_scraper - INFO - Fetching chunk 13/24 for ETH-USDC: 2025-05-07 01:10:35 to 2025-05-07 06:10:35
2025-05-09 13:10:50,033 - crypto_data_scraper - INFO - Fetched 300 candles for chunk 13
2025-05-09 13:10:50,034 - crypto_data_scraper - INFO - Fetching chunk 14/24 for ETH-USDC: 2025-05-07 06:10:35 to 2025-05-07 11:10:35
2025-05-09 13:10:51,157 - crypto_data_scraper - INFO - Fetched 300 candles for chunk 14
2025-05-09 13:10:51,158 - crypto_data_scraper - INFO - Fetching chunk 15/24 for ETH-USDC: 2025-05-07 11:10:35 to 2025-05-07 16:10:35
2025-05-09 13:10:52,303 - crypto_data_scraper - INFO - Fetched 300 candles for chunk 15
2025-05-09 13:10:52,304 - crypto_data_scraper - INFO - Fetching chunk 16/24 for ETH-USDC: 2025-05-07 16:10:35 to 2025-05-07 21:10:35
2025-05-09 13:10:53,520 - crypto_data_scraper - INFO - Fetched 300 candles for chunk 16
2025-05-09 13:10:53,520 - crypto_data_scraper - INFO - Fetching chunk 17/24 for ETH-USDC: 2025-05-07 21:10:35 to 2025-05-08 02:10:35
2025-05-09 13:10:54,727 - crypto_data_scraper - INFO - Fetched 300 candles for chunk 17
2025-05-09 13:10:54,728 - crypto_data_scraper - INFO - Fetching chunk 18/24 for ETH-USDC: 2025-05-08 02:10:35 to 2025-05-08 07:10:35
2025-05-09 13:10:55,921 - crypto_data_scraper - INFO - Fetched 300 candles for chunk 18
2025-05-09 13:10:55,921 - crypto_data_scraper - INFO - Fetching chunk 19/24 for ETH-USDC: 2025-05-08 07:10:35 to 2025-05-08 12:10:35
2025-05-09 13:10:57,061 - crypto_data_scraper - INFO - Fetched 300 candles for chunk 19
2025-05-09 13:10:57,062 - crypto_data_scraper - INFO - Fetching chunk 20/24 for ETH-USDC: 2025-05-08 12:10:35 to 2025-05-08 17:10:35
2025-05-09 13:10:58,214 - crypto_data_scraper - INFO - Fetched 300 candles for chunk 20
2025-05-09 13:10:58,214 - crypto_data_scraper - INFO - Fetching chunk 21/24 for ETH-USDC: 2025-05-08 17:10:35 to 2025-05-08 22:10:35
2025-05-09 13:10:59,422 - crypto_data_scraper - INFO - Fetched 300 candles for chunk 21
2025-05-09 13:10:59,422 - crypto_data_scraper - INFO - Fetching chunk 22/24 for ETH-USDC: 2025-05-08 22:10:35 to 2025-05-09 03:10:35
2025-05-09 13:11:00,607 - crypto_data_scraper - INFO - Fetched 300 candles for chunk 22
2025-05-09 13:11:00,608 - crypto_data_scraper - INFO - Fetching chunk 23/24 for ETH-USDC: 2025-05-09 03:10:35 to 2025-05-09 08:10:35
2025-05-09 13:11:01,801 - crypto_data_scraper - INFO - Fetched 300 candles for chunk 23
2025-05-09 13:11:01,801 - crypto_data_scraper - INFO - Fetching chunk 24/24 for ETH-USDC: 2025-05-09 08:10:35 to 2025-05-09 13:10:35
2025-05-09 13:11:03,019 - crypto_data_scraper - INFO - Fetched 300 candles for chunk 24
2025-05-09 13:11:03,050 - crypto_data_scraper - INFO - Average interval between candles for ETH-USDC: 60.0 seconds
2025-05-09 13:11:03,069 - crypto_data_scraper - INFO - Successfully fetched 7200 one-minute candles for ETH-USDC
2025-05-09 13:11:03,619 - crypto_data_scraper - INFO - Data saved to market_data/ETH_USDC/ETH_USDC_20250504_to_20250509_one_minute.parquet
2025-05-09 13:11:03,633 - crypto_data_scraper - INFO - Master data created for ETH-USDC, total records: 7200
2025-05-09 13:11:05,134 - crypto_data_scraper - INFO - Processing 2/3: BTC-USDC
2025-05-09 13:11:05,135 - crypto_data_scraper - INFO - Fetching historical data for BTC-USDC
2025-05-09 13:11:05,136 - crypto_data_scraper - INFO - Need to make 24 API calls to fetch all data for BTC-USDC
2025-05-09 13:11:05,136 - crypto_data_scraper - INFO - Fetching chunk 1/24 for BTC-USDC: 2025-05-04 13:10:35 to 2025-05-04 18:10:35
2025-05-09 13:11:05,295 - crypto_data_scraper - INFO - Fetched 300 candles for chunk 1
2025-05-09 13:11:05,296 - crypto_data_scraper - INFO - Fetching chunk 2/24 for BTC-USDC: 2025-05-04 18:10:35 to 2025-05-04 23:10:35
2025-05-09 13:11:06,504 - crypto_data_scraper - INFO - Fetched 300 candles for chunk 2
2025-05-09 13:11:06,505 - crypto_data_scraper - INFO - Fetching chunk 3/24 for BTC-USDC: 2025-05-04 23:10:35 to 2025-05-05 04:10:35
2025-05-09 13:11:07,720 - crypto_data_scraper - INFO - Fetched 300 candles for chunk 3
2025-05-09 13:11:07,720 - crypto_data_scraper - INFO - Fetching chunk 4/24 for BTC-USDC: 2025-05-05 04:10:35 to 2025-05-05 09:10:35
2025-05-09 13:11:08,941 - crypto_data_scraper - INFO - Fetched 300 candles for chunk 4
2025-05-09 13:11:08,941 - crypto_data_scraper - INFO - Fetching chunk 5/24 for BTC-USDC: 2025-05-05 09:10:35 to 2025-05-05 14:10:35
2025-05-09 13:11:10,162 - crypto_data_scraper - INFO - Fetched 300 candles for chunk 5
2025-05-09 13:11:10,162 - crypto_data_scraper - INFO - Fetching chunk 6/24 for BTC-USDC: 2025-05-05 14:10:35 to 2025-05-05 19:10:35
2025-05-09 13:11:11,374 - crypto_data_scraper - INFO - Fetched 300 candles for chunk 6
2025-05-09 13:11:11,374 - crypto_data_scraper - INFO - Fetching chunk 7/24 for BTC-USDC: 2025-05-05 19:10:35 to 2025-05-06 00:10:35
2025-05-09 13:11:12,600 - crypto_data_scraper - INFO - Fetched 300 candles for chunk 7
2025-05-09 13:11:12,601 - crypto_data_scraper - INFO - Fetching chunk 8/24 for BTC-USDC: 2025-05-06 00:10:35 to 2025-05-06 05:10:35
2025-05-09 13:11:13,805 - crypto_data_scraper - INFO - Fetched 300 candles for chunk 8
2025-05-09 13:11:13,806 - crypto_data_scraper - INFO - Fetching chunk 9/24 for BTC-USDC: 2025-05-06 05:10:35 to 2025-05-06 10:10:35
2025-05-09 13:11:14,944 - crypto_data_scraper - INFO - Fetched 300 candles for chunk 9
2025-05-09 13:11:14,944 - crypto_data_scraper - INFO - Fetching chunk 10/24 for BTC-USDC: 2025-05-06 10:10:35 to 2025-05-06 15:10:35
2025-05-09 13:11:16,097 - crypto_data_scraper - INFO - Fetched 300 candles for chunk 10
2025-05-09 13:11:16,098 - crypto_data_scraper - INFO - Fetching chunk 11/24 for BTC-USDC: 2025-05-06 15:10:35 to 2025-05-06 20:10:35
2025-05-09 13:11:17,254 - crypto_data_scraper - INFO - Fetched 300 candles for chunk 11
2025-05-09 13:11:17,254 - crypto_data_scraper - INFO - Fetching chunk 12/24 for BTC-USDC: 2025-05-06 20:10:35 to 2025-05-07 01:10:35
2025-05-09 13:11:18,408 - crypto_data_scraper - INFO - Fetched 300 candles for chunk 12
2025-05-09 13:11:18,409 - crypto_data_scraper - INFO - Fetching chunk 13/24 for BTC-USDC: 2025-05-07 01:10:35 to 2025-05-07 06:10:35
2025-05-09 13:11:19,533 - crypto_data_scraper - INFO - Fetched 300 candles for chunk 13
2025-05-09 13:11:19,534 - crypto_data_scraper - INFO - Fetching chunk 14/24 for BTC-USDC: 2025-05-07 06:10:35 to 2025-05-07 11:10:35
2025-05-09 13:11:20,756 - crypto_data_scraper - INFO - Fetched 300 candles for chunk 14
2025-05-09 13:11:20,758 - crypto_data_scraper - INFO - Fetching chunk 15/24 for BTC-USDC: 2025-05-07 11:10:35 to 2025-05-07 16:10:35
2025-05-09 13:11:21,897 - crypto_data_scraper - INFO - Fetched 300 candles for chunk 15
2025-05-09 13:11:21,898 - crypto_data_scraper - INFO - Fetching chunk 16/24 for BTC-USDC: 2025-05-07 16:10:35 to 2025-05-07 21:10:35
2025-05-09 13:11:23,111 - crypto_data_scraper - INFO - Fetched 300 candles for chunk 16
2025-05-09 13:11:23,112 - crypto_data_scraper - INFO - Fetching chunk 17/24 for BTC-USDC: 2025-05-07 21:10:35 to 2025-05-08 02:10:35
2025-05-09 13:11:24,328 - crypto_data_scraper - INFO - Fetched 300 candles for chunk 17
2025-05-09 13:11:24,328 - crypto_data_scraper - INFO - Fetching chunk 18/24 for BTC-USDC: 2025-05-08 02:10:35 to 2025-05-08 07:10:35
2025-05-09 13:11:25,554 - crypto_data_scraper - INFO - Fetched 300 candles for chunk 18
2025-05-09 13:11:25,555 - crypto_data_scraper - INFO - Fetching chunk 19/24 for BTC-USDC: 2025-05-08 07:10:35 to 2025-05-08 12:10:35
2025-05-09 13:11:26,701 - crypto_data_scraper - INFO - Fetched 300 candles for chunk 19
2025-05-09 13:11:26,702 - crypto_data_scraper - INFO - Fetching chunk 20/24 for BTC-USDC: 2025-05-08 12:10:35 to 2025-05-08 17:10:35
2025-05-09 13:11:27,843 - crypto_data_scraper - INFO - Fetched 300 candles for chunk 20
2025-05-09 13:11:27,843 - crypto_data_scraper - INFO - Fetching chunk 21/24 for BTC-USDC: 2025-05-08 17:10:35 to 2025-05-08 22:10:35
2025-05-09 13:11:28,989 - crypto_data_scraper - INFO - Fetched 300 candles for chunk 21
2025-05-09 13:11:28,990 - crypto_data_scraper - INFO - Fetching chunk 22/24 for BTC-USDC: 2025-05-08 22:10:35 to 2025-05-09 03:10:35
2025-05-09 13:11:30,115 - crypto_data_scraper - INFO - Fetched 300 candles for chunk 22
2025-05-09 13:11:30,116 - crypto_data_scraper - INFO - Fetching chunk 23/24 for BTC-USDC: 2025-05-09 03:10:35 to 2025-05-09 08:10:35
2025-05-09 13:11:31,248 - crypto_data_scraper - INFO - Fetched 300 candles for chunk 23
2025-05-09 13:11:31,248 - crypto_data_scraper - INFO - Fetching chunk 24/24 for BTC-USDC: 2025-05-09 08:10:35 to 2025-05-09 13:10:35
2025-05-09 13:11:32,390 - crypto_data_scraper - INFO - Fetched 300 candles for chunk 24
2025-05-09 13:11:32,406 - crypto_data_scraper - INFO - Average interval between candles for BTC-USDC: 60.0 seconds
2025-05-09 13:11:32,407 - crypto_data_scraper - INFO - Successfully fetched 7200 one-minute candles for BTC-USDC
2025-05-09 13:11:32,426 - crypto_data_scraper - INFO - Data saved to market_data/BTC_USDC/BTC_USDC_20250504_to_20250509_one_minute.parquet
2025-05-09 13:11:32,445 - crypto_data_scraper - INFO - Master data created for BTC-USDC, total records: 7200
2025-05-09 13:11:33,952 - crypto_data_scraper - INFO - Processing 3/3: XRP-USDC
2025-05-09 13:11:33,970 - crypto_data_scraper - INFO - Fetching historical data for XRP-USDC
2025-05-09 13:11:33,972 - crypto_data_scraper - INFO - Need to make 24 API calls to fetch all data for XRP-USDC
2025-05-09 13:11:33,978 - crypto_data_scraper - INFO - Fetching chunk 1/24 for XRP-USDC: 2025-05-04 13:10:35 to 2025-05-04 18:10:35
2025-05-09 13:11:34,190 - crypto_data_scraper - INFO - Fetched 300 candles for chunk 1
2025-05-09 13:11:34,192 - crypto_data_scraper - INFO - Fetching chunk 2/24 for XRP-USDC: 2025-05-04 18:10:35 to 2025-05-04 23:10:35
2025-05-09 13:11:35,419 - crypto_data_scraper - INFO - Fetched 300 candles for chunk 2
2025-05-09 13:11:35,419 - crypto_data_scraper - INFO - Fetching chunk 3/24 for XRP-USDC: 2025-05-04 23:10:35 to 2025-05-05 04:10:35
2025-05-09 13:11:36,560 - crypto_data_scraper - INFO - Fetched 300 candles for chunk 3
2025-05-09 13:11:36,560 - crypto_data_scraper - INFO - Fetching chunk 4/24 for XRP-USDC: 2025-05-05 04:10:35 to 2025-05-05 09:10:35
2025-05-09 13:11:37,699 - crypto_data_scraper - INFO - Fetched 300 candles for chunk 4
2025-05-09 13:11:37,700 - crypto_data_scraper - INFO - Fetching chunk 5/24 for XRP-USDC: 2025-05-05 09:10:35 to 2025-05-05 14:10:35
2025-05-09 13:11:38,847 - crypto_data_scraper - INFO - Fetched 300 candles for chunk 5
2025-05-09 13:11:38,847 - crypto_data_scraper - INFO - Fetching chunk 6/24 for XRP-USDC: 2025-05-05 14:10:35 to 2025-05-05 19:10:35
2025-05-09 13:11:39,977 - crypto_data_scraper - INFO - Fetched 300 candles for chunk 6
2025-05-09 13:11:39,978 - crypto_data_scraper - INFO - Fetching chunk 7/24 for XRP-USDC: 2025-05-05 19:10:35 to 2025-05-06 00:10:35
2025-05-09 13:11:41,202 - crypto_data_scraper - INFO - Fetched 300 candles for chunk 7
2025-05-09 13:11:41,203 - crypto_data_scraper - INFO - Fetching chunk 8/24 for XRP-USDC: 2025-05-06 00:10:35 to 2025-05-06 05:10:35
2025-05-09 13:11:42,404 - crypto_data_scraper - INFO - Fetched 300 candles for chunk 8
2025-05-09 13:11:42,405 - crypto_data_scraper - INFO - Fetching chunk 9/24 for XRP-USDC: 2025-05-06 05:10:35 to 2025-05-06 10:10:35
2025-05-09 13:11:43,592 - crypto_data_scraper - INFO - Fetched 300 candles for chunk 9
2025-05-09 13:11:43,593 - crypto_data_scraper - INFO - Fetching chunk 10/24 for XRP-USDC: 2025-05-06 10:10:35 to 2025-05-06 15:10:35
2025-05-09 13:11:44,726 - crypto_data_scraper - INFO - Fetched 300 candles for chunk 10
2025-05-09 13:11:44,727 - crypto_data_scraper - INFO - Fetching chunk 11/24 for XRP-USDC: 2025-05-06 15:10:35 to 2025-05-06 20:10:35
2025-05-09 13:11:45,875 - crypto_data_scraper - INFO - Fetched 300 candles for chunk 11
2025-05-09 13:11:45,875 - crypto_data_scraper - INFO - Fetching chunk 12/24 for XRP-USDC: 2025-05-06 20:10:35 to 2025-05-07 01:10:35
2025-05-09 13:11:47,023 - crypto_data_scraper - INFO - Fetched 300 candles for chunk 12
2025-05-09 13:11:47,023 - crypto_data_scraper - INFO - Fetching chunk 13/24 for XRP-USDC: 2025-05-07 01:10:35 to 2025-05-07 06:10:35
2025-05-09 13:11:48,172 - crypto_data_scraper - INFO - Fetched 300 candles for chunk 13
2025-05-09 13:11:48,172 - crypto_data_scraper - INFO - Fetching chunk 14/24 for XRP-USDC: 2025-05-07 06:10:35 to 2025-05-07 11:10:35
2025-05-09 13:11:49,388 - crypto_data_scraper - INFO - Fetched 300 candles for chunk 14
2025-05-09 13:11:49,388 - crypto_data_scraper - INFO - Fetching chunk 15/24 for XRP-USDC: 2025-05-07 11:10:35 to 2025-05-07 16:10:35
2025-05-09 13:11:50,587 - crypto_data_scraper - INFO - Fetched 300 candles for chunk 15
2025-05-09 13:11:50,587 - crypto_data_scraper - INFO - Fetching chunk 16/24 for XRP-USDC: 2025-05-07 16:10:35 to 2025-05-07 21:10:35
2025-05-09 13:11:51,732 - crypto_data_scraper - INFO - Fetched 300 candles for chunk 16
2025-05-09 13:11:51,733 - crypto_data_scraper - INFO - Fetching chunk 17/24 for XRP-USDC: 2025-05-07 21:10:35 to 2025-05-08 02:10:35
2025-05-09 13:11:52,866 - crypto_data_scraper - INFO - Fetched 300 candles for chunk 17
2025-05-09 13:11:52,866 - crypto_data_scraper - INFO - Fetching chunk 18/24 for XRP-USDC: 2025-05-08 02:10:35 to 2025-05-08 07:10:35
2025-05-09 13:11:53,994 - crypto_data_scraper - INFO - Fetched 300 candles for chunk 18
2025-05-09 13:11:53,995 - crypto_data_scraper - INFO - Fetching chunk 19/24 for XRP-USDC: 2025-05-08 07:10:35 to 2025-05-08 12:10:35
2025-05-09 13:11:55,131 - crypto_data_scraper - INFO - Fetched 300 candles for chunk 19
2025-05-09 13:11:55,132 - crypto_data_scraper - INFO - Fetching chunk 20/24 for XRP-USDC: 2025-05-08 12:10:35 to 2025-05-08 17:10:35
2025-05-09 13:11:56,373 - crypto_data_scraper - INFO - Fetched 300 candles for chunk 20
2025-05-09 13:11:56,373 - crypto_data_scraper - INFO - Fetching chunk 21/24 for XRP-USDC: 2025-05-08 17:10:35 to 2025-05-08 22:10:35
2025-05-09 13:11:57,572 - crypto_data_scraper - INFO - Fetched 300 candles for chunk 21
2025-05-09 13:11:57,573 - crypto_data_scraper - INFO - Fetching chunk 22/24 for XRP-USDC: 2025-05-08 22:10:35 to 2025-05-09 03:10:35
2025-05-09 13:11:58,805 - crypto_data_scraper - INFO - Fetched 300 candles for chunk 22
2025-05-09 13:11:58,805 - crypto_data_scraper - INFO - Fetching chunk 23/24 for XRP-USDC: 2025-05-09 03:10:35 to 2025-05-09 08:10:35
2025-05-09 13:12:00,024 - crypto_data_scraper - INFO - Fetched 300 candles for chunk 23
2025-05-09 13:12:00,026 - crypto_data_scraper - INFO - Fetching chunk 24/24 for XRP-USDC: 2025-05-09 08:10:35 to 2025-05-09 13:10:35
2025-05-09 13:12:01,249 - crypto_data_scraper - INFO - Fetched 300 candles for chunk 24
2025-05-09 13:12:01,269 - crypto_data_scraper - INFO - Average interval between candles for XRP-USDC: 60.0 seconds
2025-05-09 13:12:01,270 - crypto_data_scraper - INFO - Successfully fetched 7200 one-minute candles for XRP-USDC
2025-05-09 13:12:01,288 - crypto_data_scraper - INFO - Data saved to market_data/XRP_USDC/XRP_USDC_20250504_to_20250509_one_minute.parquet
2025-05-09 13:12:01,305 - crypto_data_scraper - INFO - Master data created for XRP-USDC, total records: 7200
2025-05-09 13:12:02,810 - crypto_data_scraper - INFO - Found 3 cryptocurrency directories
2025-05-09 13:12:03,563 - crypto_data_scraper - INFO - Added 7200 records for BTC-USDC
2025-05-09 13:12:03,571 - crypto_data_scraper - INFO - Added 7200 records for ETH-USDC
2025-05-09 13:12:03,581 - crypto_data_scraper - INFO - Added 7200 records for XRP-USDC
2025-05-09 13:12:03,640 - crypto_data_scraper - INFO - Combined master file created at market_data/all_crypto_master.parquet
2025-05-09 13:12:03,641 - crypto_data_scraper - INFO - Total records: 21600, Symbols: 3
2025-05-09 13:12:03,642 - crypto_data_scraper - INFO - Data scraping completed. Saved 4 files.
2025-05-09 13:22:51,164 - crypto_data_scraper - INFO - CryptoDataScraper initialized to collect 5 days of ONE_MINUTE candles
2025-05-09 13:22:51,165 - crypto_data_scraper - INFO - Time range: 2025-05-04 13:22:51 to 2025-05-09 13:22:51
2025-05-09 13:22:51,165 - crypto_data_scraper - ERROR - Error in main function: 'CryptoDataScraper' object has no attribute 'run'
2025-05-09 13:26:53,019 - crypto_data_scraper - INFO - CryptoDataScraper initialized to collect 5 days of ONE_MINUTE candles
2025-05-09 13:26:53,020 - crypto_data_scraper - INFO - Time range: 2025-05-04 13:26:53 to 2025-05-09 13:26:53
2025-05-09 13:26:53,449 - crypto_data_scraper - INFO - Found 298 USDC trading pairs
2025-05-09 13:26:53,450 - crypto_data_scraper - INFO - Found 298 products to scrape
2025-05-09 13:26:53,451 - crypto_data_scraper - INFO - Limited to 2 products for scraping
2025-05-09 13:26:53,451 - crypto_data_scraper - INFO - Processing 1/2: ETH-USDC
2025-05-09 13:26:53,451 - crypto_data_scraper - INFO - Fetching historical data for ETH-USDC
2025-05-09 13:26:53,452 - crypto_data_scraper - INFO - Need to make 24 API calls to fetch all data for ETH-USDC
2025-05-09 13:26:53,452 - crypto_data_scraper - INFO - Fetching chunk 1/24 for ETH-USDC: 2025-05-04 13:26:53 to 2025-05-04 18:26:53
2025-05-09 13:26:53,645 - crypto_data_scraper - INFO - Fetched 300 candles for chunk 1
2025-05-09 13:26:53,645 - crypto_data_scraper - INFO - Fetching chunk 2/24 for ETH-USDC: 2025-05-04 18:26:53 to 2025-05-04 23:26:53
2025-05-09 13:26:54,888 - crypto_data_scraper - INFO - Fetched 300 candles for chunk 2
2025-05-09 13:26:54,888 - crypto_data_scraper - INFO - Fetching chunk 3/24 for ETH-USDC: 2025-05-04 23:26:53 to 2025-05-05 04:26:53
2025-05-09 13:26:56,016 - crypto_data_scraper - INFO - Fetched 300 candles for chunk 3
2025-05-09 13:26:56,016 - crypto_data_scraper - INFO - Fetching chunk 4/24 for ETH-USDC: 2025-05-05 04:26:53 to 2025-05-05 09:26:53
2025-05-09 13:26:57,145 - crypto_data_scraper - INFO - Fetched 300 candles for chunk 4
2025-05-09 13:26:57,146 - crypto_data_scraper - INFO - Fetching chunk 5/24 for ETH-USDC: 2025-05-05 09:26:53 to 2025-05-05 14:26:53
2025-05-09 13:26:58,291 - crypto_data_scraper - INFO - Fetched 300 candles for chunk 5
2025-05-09 13:26:58,292 - crypto_data_scraper - INFO - Fetching chunk 6/24 for ETH-USDC: 2025-05-05 14:26:53 to 2025-05-05 19:26:53
2025-05-09 13:26:59,533 - crypto_data_scraper - INFO - Fetched 300 candles for chunk 6
2025-05-09 13:26:59,533 - crypto_data_scraper - INFO - Fetching chunk 7/24 for ETH-USDC: 2025-05-05 19:26:53 to 2025-05-06 00:26:53
2025-05-09 13:27:00,730 - crypto_data_scraper - INFO - Fetched 300 candles for chunk 7
2025-05-09 13:27:00,731 - crypto_data_scraper - INFO - Fetching chunk 8/24 for ETH-USDC: 2025-05-06 00:26:53 to 2025-05-06 05:26:53
2025-05-09 13:27:01,895 - crypto_data_scraper - INFO - Fetched 300 candles for chunk 8
2025-05-09 13:27:01,896 - crypto_data_scraper - INFO - Fetching chunk 9/24 for ETH-USDC: 2025-05-06 05:26:53 to 2025-05-06 10:26:53
2025-05-09 13:27:03,124 - crypto_data_scraper - INFO - Fetched 300 candles for chunk 9
2025-05-09 13:27:03,124 - crypto_data_scraper - INFO - Fetching chunk 10/24 for ETH-USDC: 2025-05-06 10:26:53 to 2025-05-06 15:26:53
2025-05-09 13:27:04,342 - crypto_data_scraper - INFO - Fetched 300 candles for chunk 10
2025-05-09 13:27:04,342 - crypto_data_scraper - INFO - Fetching chunk 11/24 for ETH-USDC: 2025-05-06 15:26:53 to 2025-05-06 20:26:53
2025-05-09 13:27:05,496 - crypto_data_scraper - INFO - Fetched 300 candles for chunk 11
2025-05-09 13:27:05,496 - crypto_data_scraper - INFO - Fetching chunk 12/24 for ETH-USDC: 2025-05-06 20:26:53 to 2025-05-07 01:26:53
2025-05-09 13:27:06,723 - crypto_data_scraper - INFO - Fetched 300 candles for chunk 12
2025-05-09 13:27:06,724 - crypto_data_scraper - INFO - Fetching chunk 13/24 for ETH-USDC: 2025-05-07 01:26:53 to 2025-05-07 06:26:53
2025-05-09 13:27:07,954 - crypto_data_scraper - INFO - Fetched 300 candles for chunk 13
2025-05-09 13:27:07,954 - crypto_data_scraper - INFO - Fetching chunk 14/24 for ETH-USDC: 2025-05-07 06:26:53 to 2025-05-07 11:26:53
2025-05-09 13:27:09,123 - crypto_data_scraper - INFO - Fetched 300 candles for chunk 14
2025-05-09 13:27:09,123 - crypto_data_scraper - INFO - Fetching chunk 15/24 for ETH-USDC: 2025-05-07 11:26:53 to 2025-05-07 16:26:53
2025-05-09 13:27:10,348 - crypto_data_scraper - INFO - Fetched 300 candles for chunk 15
2025-05-09 13:27:10,349 - crypto_data_scraper - INFO - Fetching chunk 16/24 for ETH-USDC: 2025-05-07 16:26:53 to 2025-05-07 21:26:53
2025-05-09 13:27:11,552 - crypto_data_scraper - INFO - Fetched 300 candles for chunk 16
2025-05-09 13:27:11,552 - crypto_data_scraper - INFO - Fetching chunk 17/24 for ETH-USDC: 2025-05-07 21:26:53 to 2025-05-08 02:26:53
2025-05-09 13:27:12,733 - crypto_data_scraper - INFO - Fetched 300 candles for chunk 17
2025-05-09 13:27:12,734 - crypto_data_scraper - INFO - Fetching chunk 18/24 for ETH-USDC: 2025-05-08 02:26:53 to 2025-05-08 07:26:53
2025-05-09 13:27:13,869 - crypto_data_scraper - INFO - Fetched 300 candles for chunk 18
2025-05-09 13:27:13,869 - crypto_data_scraper - INFO - Fetching chunk 19/24 for ETH-USDC: 2025-05-08 07:26:53 to 2025-05-08 12:26:53
2025-05-09 13:27:15,052 - crypto_data_scraper - INFO - Fetched 300 candles for chunk 19
2025-05-09 13:27:15,053 - crypto_data_scraper - INFO - Fetching chunk 20/24 for ETH-USDC: 2025-05-08 12:26:53 to 2025-05-08 17:26:53
2025-05-09 13:27:16,242 - crypto_data_scraper - INFO - Fetched 300 candles for chunk 20
2025-05-09 13:27:16,243 - crypto_data_scraper - INFO - Fetching chunk 21/24 for ETH-USDC: 2025-05-08 17:26:53 to 2025-05-08 22:26:53
2025-05-09 13:27:17,402 - crypto_data_scraper - INFO - Fetched 300 candles for chunk 21
2025-05-09 13:27:17,402 - crypto_data_scraper - INFO - Fetching chunk 22/24 for ETH-USDC: 2025-05-08 22:26:53 to 2025-05-09 03:26:53
2025-05-09 13:27:18,605 - crypto_data_scraper - INFO - Fetched 300 candles for chunk 22
2025-05-09 13:27:18,605 - crypto_data_scraper - INFO - Fetching chunk 23/24 for ETH-USDC: 2025-05-09 03:26:53 to 2025-05-09 08:26:53
2025-05-09 13:27:19,795 - crypto_data_scraper - INFO - Fetched 300 candles for chunk 23
2025-05-09 13:27:19,796 - crypto_data_scraper - INFO - Fetching chunk 24/24 for ETH-USDC: 2025-05-09 08:26:53 to 2025-05-09 13:26:53
2025-05-09 13:27:20,968 - crypto_data_scraper - INFO - Fetched 300 candles for chunk 24
2025-05-09 13:27:20,982 - crypto_data_scraper - INFO - Average interval between candles for ETH-USDC: 60.0 seconds
2025-05-09 13:27:20,982 - crypto_data_scraper - INFO - Successfully fetched 7200 one-minute candles for ETH-USDC
2025-05-09 13:27:21,061 - crypto_data_scraper - INFO - Data saved to market_data/ETH_USDC/ETH_USDC_20250504_to_20250509_one_minute.csv
2025-05-09 13:27:21,141 - crypto_data_scraper - INFO - Master data created for ETH-USDC, total records: 7200
2025-05-09 13:27:22,642 - crypto_data_scraper - INFO - Processing 2/2: BTC-USDC
2025-05-09 13:27:22,643 - crypto_data_scraper - INFO - Fetching historical data for BTC-USDC
2025-05-09 13:27:22,643 - crypto_data_scraper - INFO - Need to make 24 API calls to fetch all data for BTC-USDC
2025-05-09 13:27:22,644 - crypto_data_scraper - INFO - Fetching chunk 1/24 for BTC-USDC: 2025-05-04 13:26:53 to 2025-05-04 18:26:53
2025-05-09 13:27:22,774 - crypto_data_scraper - INFO - Fetched 300 candles for chunk 1
2025-05-09 13:27:22,774 - crypto_data_scraper - INFO - Fetching chunk 2/24 for BTC-USDC: 2025-05-04 18:26:53 to 2025-05-04 23:26:53
2025-05-09 13:27:23,995 - crypto_data_scraper - INFO - Fetched 300 candles for chunk 2
2025-05-09 13:27:23,995 - crypto_data_scraper - INFO - Fetching chunk 3/24 for BTC-USDC: 2025-05-04 23:26:53 to 2025-05-05 04:26:53
2025-05-09 13:27:25,149 - crypto_data_scraper - INFO - Fetched 300 candles for chunk 3
2025-05-09 13:27:25,149 - crypto_data_scraper - INFO - Fetching chunk 4/24 for BTC-USDC: 2025-05-05 04:26:53 to 2025-05-05 09:26:53
2025-05-09 13:27:26,370 - crypto_data_scraper - INFO - Fetched 300 candles for chunk 4
2025-05-09 13:27:26,371 - crypto_data_scraper - INFO - Fetching chunk 5/24 for BTC-USDC: 2025-05-05 09:26:53 to 2025-05-05 14:26:53
2025-05-09 13:27:27,616 - crypto_data_scraper - INFO - Fetched 300 candles for chunk 5
2025-05-09 13:27:27,616 - crypto_data_scraper - INFO - Fetching chunk 6/24 for BTC-USDC: 2025-05-05 14:26:53 to 2025-05-05 19:26:53
2025-05-09 13:27:28,762 - crypto_data_scraper - INFO - Fetched 300 candles for chunk 6
2025-05-09 13:27:28,763 - crypto_data_scraper - INFO - Fetching chunk 7/24 for BTC-USDC: 2025-05-05 19:26:53 to 2025-05-06 00:26:53
2025-05-09 13:27:29,905 - crypto_data_scraper - INFO - Fetched 300 candles for chunk 7
2025-05-09 13:27:29,906 - crypto_data_scraper - INFO - Fetching chunk 8/24 for BTC-USDC: 2025-05-06 00:26:53 to 2025-05-06 05:26:53
2025-05-09 13:27:31,056 - crypto_data_scraper - INFO - Fetched 300 candles for chunk 8
2025-05-09 13:27:31,057 - crypto_data_scraper - INFO - Fetching chunk 9/24 for BTC-USDC: 2025-05-06 05:26:53 to 2025-05-06 10:26:53
2025-05-09 13:27:32,215 - crypto_data_scraper - INFO - Fetched 300 candles for chunk 9
2025-05-09 13:27:32,215 - crypto_data_scraper - INFO - Fetching chunk 10/24 for BTC-USDC: 2025-05-06 10:26:53 to 2025-05-06 15:26:53
2025-05-09 13:27:33,466 - crypto_data_scraper - INFO - Fetched 300 candles for chunk 10
2025-05-09 13:27:33,466 - crypto_data_scraper - INFO - Fetching chunk 11/24 for BTC-USDC: 2025-05-06 15:26:53 to 2025-05-06 20:26:53
2025-05-09 13:27:34,689 - crypto_data_scraper - INFO - Fetched 300 candles for chunk 11
2025-05-09 13:27:34,689 - crypto_data_scraper - INFO - Fetching chunk 12/24 for BTC-USDC: 2025-05-06 20:26:53 to 2025-05-07 01:26:53
2025-05-09 13:27:35,900 - crypto_data_scraper - INFO - Fetched 300 candles for chunk 12
2025-05-09 13:27:35,901 - crypto_data_scraper - INFO - Fetching chunk 13/24 for BTC-USDC: 2025-05-07 01:26:53 to 2025-05-07 06:26:53
2025-05-09 13:27:37,126 - crypto_data_scraper - INFO - Fetched 300 candles for chunk 13
2025-05-09 13:27:37,126 - crypto_data_scraper - INFO - Fetching chunk 14/24 for BTC-USDC: 2025-05-07 06:26:53 to 2025-05-07 11:26:53
2025-05-09 13:27:38,355 - crypto_data_scraper - INFO - Fetched 300 candles for chunk 14
2025-05-09 13:27:38,356 - crypto_data_scraper - INFO - Fetching chunk 15/24 for BTC-USDC: 2025-05-07 11:26:53 to 2025-05-07 16:26:53
2025-05-09 13:27:39,506 - crypto_data_scraper - INFO - Fetched 300 candles for chunk 15
2025-05-09 13:27:39,507 - crypto_data_scraper - INFO - Fetching chunk 16/24 for BTC-USDC: 2025-05-07 16:26:53 to 2025-05-07 21:26:53
2025-05-09 13:27:40,731 - crypto_data_scraper - INFO - Fetched 300 candles for chunk 16
2025-05-09 13:27:40,731 - crypto_data_scraper - INFO - Fetching chunk 17/24 for BTC-USDC: 2025-05-07 21:26:53 to 2025-05-08 02:26:53
2025-05-09 13:27:41,865 - crypto_data_scraper - INFO - Fetched 300 candles for chunk 17
2025-05-09 13:27:41,865 - crypto_data_scraper - INFO - Fetching chunk 18/24 for BTC-USDC: 2025-05-08 02:26:53 to 2025-05-08 07:26:53
2025-05-09 13:27:43,111 - crypto_data_scraper - INFO - Fetched 300 candles for chunk 18
2025-05-09 13:27:43,112 - crypto_data_scraper - INFO - Fetching chunk 19/24 for BTC-USDC: 2025-05-08 07:26:53 to 2025-05-08 12:26:53
2025-05-09 13:27:44,286 - crypto_data_scraper - INFO - Fetched 300 candles for chunk 19
2025-05-09 13:27:44,287 - crypto_data_scraper - INFO - Fetching chunk 20/24 for BTC-USDC: 2025-05-08 12:26:53 to 2025-05-08 17:26:53
2025-05-09 13:27:45,508 - crypto_data_scraper - INFO - Fetched 300 candles for chunk 20
2025-05-09 13:27:45,509 - crypto_data_scraper - INFO - Fetching chunk 21/24 for BTC-USDC: 2025-05-08 17:26:53 to 2025-05-08 22:26:53
2025-05-09 13:27:46,657 - crypto_data_scraper - INFO - Fetched 300 candles for chunk 21
2025-05-09 13:27:46,658 - crypto_data_scraper - INFO - Fetching chunk 22/24 for BTC-USDC: 2025-05-08 22:26:53 to 2025-05-09 03:26:53
2025-05-09 13:27:47,827 - crypto_data_scraper - INFO - Fetched 300 candles for chunk 22
2025-05-09 13:27:47,827 - crypto_data_scraper - INFO - Fetching chunk 23/24 for BTC-USDC: 2025-05-09 03:26:53 to 2025-05-09 08:26:53
2025-05-09 13:27:49,047 - crypto_data_scraper - INFO - Fetched 300 candles for chunk 23
2025-05-09 13:27:49,048 - crypto_data_scraper - INFO - Fetching chunk 24/24 for BTC-USDC: 2025-05-09 08:26:53 to 2025-05-09 13:26:53
2025-05-09 13:27:50,325 - crypto_data_scraper - INFO - Fetched 300 candles for chunk 24
2025-05-09 13:27:50,337 - crypto_data_scraper - INFO - Average interval between candles for BTC-USDC: 60.0 seconds
2025-05-09 13:27:50,337 - crypto_data_scraper - INFO - Successfully fetched 7200 one-minute candles for BTC-USDC
2025-05-09 13:27:50,408 - crypto_data_scraper - INFO - Data saved to market_data/BTC_USDC/BTC_USDC_20250504_to_20250509_one_minute.csv
2025-05-09 13:27:50,489 - crypto_data_scraper - INFO - Master data created for BTC-USDC, total records: 7200
2025-05-09 13:27:51,990 - crypto_data_scraper - INFO - Found 3 cryptocurrency directories
2025-05-09 13:27:52,012 - crypto_data_scraper - INFO - Added 7200 records for BTC-USDC
2025-05-09 13:27:52,039 - crypto_data_scraper - INFO - Added 7200 records for ETH-USDC
2025-05-09 13:27:52,216 - crypto_data_scraper - INFO - Combined master file created at market_data/all_crypto_master.csv
2025-05-09 13:27:52,217 - crypto_data_scraper - INFO - Total records: 14400, Symbols: 2
2025-05-09 13:27:52,219 - crypto_data_scraper - INFO - Data scraping completed. Saved 3 files.
2025-05-09 15:52:02,795 - crypto_data_scraper - INFO - CryptoDataScraper initialized to collect 1 days of ONE_MINUTE candles
2025-05-09 15:52:02,796 - crypto_data_scraper - INFO - Time range: 2025-05-08 15:52:02 to 2025-05-09 15:52:02
2025-05-09 15:52:02,796 - crypto_data_scraper - INFO - Will scrape data for 1 specified symbols
2025-05-09 15:52:02,797 - crypto_data_scraper - INFO - Processing 1/1: BTC-USDC
2025-05-09 15:52:02,797 - crypto_data_scraper - INFO - Fetching historical data for BTC-USDC
2025-05-09 15:52:02,799 - crypto_data_scraper - INFO - Need to make 5 API calls to fetch all data for BTC-USDC
2025-05-09 15:52:02,800 - crypto_data_scraper - INFO - Fetching chunk 1/5 for BTC-USDC: 2025-05-08 15:52:02 to 2025-05-08 20:52:02
2025-05-09 15:52:04,302 - crypto_data_scraper - INFO - Fetched 300 candles for chunk 1
2025-05-09 15:52:04,303 - crypto_data_scraper - INFO - Fetching chunk 2/5 for BTC-USDC: 2025-05-08 20:52:02 to 2025-05-09 01:52:02
2025-05-09 15:52:05,571 - crypto_data_scraper - INFO - Fetched 300 candles for chunk 2
2025-05-09 15:52:05,573 - crypto_data_scraper - INFO - Fetching chunk 3/5 for BTC-USDC: 2025-05-09 01:52:02 to 2025-05-09 06:52:02
2025-05-09 15:52:06,818 - crypto_data_scraper - INFO - Fetched 300 candles for chunk 3
2025-05-09 15:52:06,820 - crypto_data_scraper - INFO - Fetching chunk 4/5 for BTC-USDC: 2025-05-09 06:52:02 to 2025-05-09 11:52:02
2025-05-09 15:52:08,086 - crypto_data_scraper - INFO - Fetched 300 candles for chunk 4
2025-05-09 15:52:08,090 - crypto_data_scraper - INFO - Fetching chunk 5/5 for BTC-USDC: 2025-05-09 11:52:02 to 2025-05-09 15:52:02
2025-05-09 15:52:09,329 - crypto_data_scraper - INFO - Fetched 239 candles for chunk 5
2025-05-09 15:52:09,402 - crypto_data_scraper - INFO - Average interval between candles for BTC-USDC: 60.0 seconds
2025-05-09 15:52:09,406 - crypto_data_scraper - INFO - Successfully fetched 1439 one-minute candles for BTC-USDC
2025-05-09 15:52:09,481 - crypto_data_scraper - INFO - Data saved to market_data/BTC_USDC/BTC_USDC_20250508_to_20250509_one_minute.csv
2025-05-09 15:52:09,682 - crypto_data_scraper - INFO - Master data updated for BTC-USDC, total records: 7345
2025-05-09 15:52:11,186 - crypto_data_scraper - INFO - Found 3 cryptocurrency directories
2025-05-09 15:52:11,261 - crypto_data_scraper - INFO - Added 7345 records for BTC-USDC
2025-05-09 15:52:11,283 - crypto_data_scraper - INFO - Added 7200 records for ETH-USDC
2025-05-09 15:52:11,475 - crypto_data_scraper - INFO - Combined master file created at market_data/all_crypto_master.csv
2025-05-09 15:52:11,475 - crypto_data_scraper - INFO - Total records: 14545, Symbols: 2
2025-05-09 15:52:11,476 - crypto_data_scraper - INFO - Data scraping completed. Saved 2 files.
2025-05-16 07:38:08,119 - crypto_data_scraper - INFO - CryptoDataScraper initialized to collect 1 days of ONE_MINUTE candles
2025-05-16 07:38:08,120 - crypto_data_scraper - INFO - Time range: 2025-05-15 07:38:08 to 2025-05-16 07:38:08
2025-05-16 07:38:08,120 - crypto_data_scraper - INFO - Will scrape data for 1 specified symbols
2025-05-16 07:38:08,121 - crypto_data_scraper - INFO - Processing 1/1: BTC-USDC
2025-05-16 07:38:08,121 - crypto_data_scraper - INFO - Fetching historical data for BTC-USDC
2025-05-16 07:38:08,122 - crypto_data_scraper - INFO - Need to make 5 API calls to fetch all data for BTC-USDC
2025-05-16 07:38:08,123 - crypto_data_scraper - INFO - Fetching chunk 1/5 for BTC-USDC: 2025-05-15 07:38:08 to 2025-05-15 12:38:08
2025-05-16 07:38:08,405 - crypto_data_scraper - INFO - Fetched 300 candles for chunk 1
2025-05-16 07:38:08,406 - crypto_data_scraper - INFO - Fetching chunk 2/5 for BTC-USDC: 2025-05-15 12:38:08 to 2025-05-15 17:38:08
2025-05-16 07:38:09,531 - crypto_data_scraper - INFO - Fetched 300 candles for chunk 2
2025-05-16 07:38:09,532 - crypto_data_scraper - INFO - Fetching chunk 3/5 for BTC-USDC: 2025-05-15 17:38:08 to 2025-05-15 22:38:08
2025-05-16 07:38:10,766 - crypto_data_scraper - INFO - Fetched 300 candles for chunk 3
2025-05-16 07:38:10,766 - crypto_data_scraper - INFO - Fetching chunk 4/5 for BTC-USDC: 2025-05-15 22:38:08 to 2025-05-16 03:38:08
2025-05-16 07:38:11,900 - crypto_data_scraper - INFO - Fetched 300 candles for chunk 4
2025-05-16 07:38:11,900 - crypto_data_scraper - INFO - Fetching chunk 5/5 for BTC-USDC: 2025-05-16 03:38:08 to 2025-05-16 07:38:08
2025-05-16 07:38:13,076 - crypto_data_scraper - INFO - Fetched 240 candles for chunk 5
2025-05-16 07:38:13,103 - crypto_data_scraper - INFO - Average interval between candles for BTC-USDC: 60.0 seconds
2025-05-16 07:38:13,103 - crypto_data_scraper - INFO - Successfully fetched 1440 one-minute candles for BTC-USDC
2025-05-16 07:38:13,136 - crypto_data_scraper - INFO - Data saved to market_data/BTC_USDC/BTC_USDC_20250515_to_20250516_one_minute.csv
2025-05-16 07:38:13,320 - crypto_data_scraper - INFO - Master data updated for BTC-USDC, total records: 8785
2025-05-16 07:38:14,822 - crypto_data_scraper - INFO - Found 2 cryptocurrency directories
2025-05-16 07:38:14,862 - crypto_data_scraper - INFO - Added 8785 records for BTC-USDC
2025-05-16 07:38:14,905 - crypto_data_scraper - INFO - Added 7200 records for ETH-USDC
2025-05-16 07:38:15,178 - crypto_data_scraper - INFO - Combined master file created at market_data/all_crypto_master.csv
2025-05-16 07:38:15,179 - crypto_data_scraper - INFO - Total records: 15985, Symbols: 2
2025-05-16 07:38:15,180 - crypto_data_scraper - INFO - Data scraping completed. Saved 2 files.
2025-05-16 07:43:39,136 - crypto_data_scraper - INFO - CryptoDataScraper initialized to collect 1 days of ONE_MINUTE candles
2025-05-16 07:43:39,136 - crypto_data_scraper - INFO - Time range: 2025-05-15 07:43:39 to 2025-05-16 07:43:39
2025-05-16 07:43:39,137 - crypto_data_scraper - INFO - Will scrape data for 1 specified symbols
2025-05-16 07:43:39,137 - crypto_data_scraper - INFO - Processing 1/1: BONK-USDC
2025-05-16 07:43:39,137 - crypto_data_scraper - INFO - Fetching historical data for BONK-USDC
2025-05-16 07:43:39,138 - crypto_data_scraper - INFO - Need to make 5 API calls to fetch all data for BONK-USDC
2025-05-16 07:43:39,138 - crypto_data_scraper - INFO - Fetching chunk 1/5 for BONK-USDC: 2025-05-15 07:43:39 to 2025-05-15 12:43:39
2025-05-16 07:43:39,416 - crypto_data_scraper - INFO - Fetched 300 candles for chunk 1
2025-05-16 07:43:39,416 - crypto_data_scraper - INFO - Fetching chunk 2/5 for BONK-USDC: 2025-05-15 12:43:39 to 2025-05-15 17:43:39
2025-05-16 07:43:40,625 - crypto_data_scraper - INFO - Fetched 300 candles for chunk 2
2025-05-16 07:43:40,626 - crypto_data_scraper - INFO - Fetching chunk 3/5 for BONK-USDC: 2025-05-15 17:43:39 to 2025-05-15 22:43:39
2025-05-16 07:43:41,754 - crypto_data_scraper - INFO - Fetched 299 candles for chunk 3
2025-05-16 07:43:41,754 - crypto_data_scraper - INFO - Fetching chunk 4/5 for BONK-USDC: 2025-05-15 22:43:39 to 2025-05-16 03:43:39
2025-05-16 07:43:42,960 - crypto_data_scraper - INFO - Fetched 294 candles for chunk 4
2025-05-16 07:43:42,960 - crypto_data_scraper - INFO - Fetching chunk 5/5 for BONK-USDC: 2025-05-16 03:43:39 to 2025-05-16 07:43:39
2025-05-16 07:43:44,147 - crypto_data_scraper - INFO - Fetched 239 candles for chunk 5
2025-05-16 07:43:44,155 - crypto_data_scraper - INFO - Average interval between candles for BONK-USDC: 60.0 seconds
2025-05-16 07:43:44,155 - crypto_data_scraper - INFO - Successfully fetched 1432 one-minute candles for BONK-USDC
2025-05-16 07:43:44,180 - crypto_data_scraper - INFO - Data saved to market_data/BONK_USDC/BONK_USDC_20250515_to_20250516_one_minute.csv
2025-05-16 07:43:44,199 - crypto_data_scraper - INFO - Master data created for BONK-USDC, total records: 1432
2025-05-16 07:43:45,703 - crypto_data_scraper - INFO - Found 3 cryptocurrency directories
2025-05-16 07:43:45,723 - crypto_data_scraper - INFO - Added 1432 records for BONK-USDC
2025-05-16 07:43:45,744 - crypto_data_scraper - INFO - Added 8785 records for BTC-USDC
2025-05-16 07:43:45,761 - crypto_data_scraper - INFO - Added 7200 records for ETH-USDC
2025-05-16 07:43:45,932 - crypto_data_scraper - INFO - Combined master file created at market_data/all_crypto_master.csv
2025-05-16 07:43:45,933 - crypto_data_scraper - INFO - Total records: 17417, Symbols: 3
2025-05-16 07:43:45,934 - crypto_data_scraper - INFO - Data scraping completed. Saved 2 files.
2025-05-16 07:44:20,517 - crypto_data_scraper - INFO - CryptoDataScraper initialized to collect 10 days of ONE_MINUTE candles
2025-05-16 07:44:20,518 - crypto_data_scraper - INFO - Time range: 2025-05-06 07:44:20 to 2025-05-16 07:44:20
2025-05-16 07:44:20,518 - crypto_data_scraper - INFO - Will scrape data for 1 specified symbols
2025-05-16 07:44:20,518 - crypto_data_scraper - INFO - Processing 1/1: BTC-USDC
2025-05-16 07:44:20,519 - crypto_data_scraper - INFO - Fetching historical data for BTC-USDC
2025-05-16 07:44:20,519 - crypto_data_scraper - INFO - Need to make 48 API calls to fetch all data for BTC-USDC
2025-05-16 07:44:20,519 - crypto_data_scraper - INFO - Fetching chunk 1/48 for BTC-USDC: 2025-05-06 07:44:20 to 2025-05-06 12:44:20
2025-05-16 07:44:20,708 - crypto_data_scraper - INFO - Fetched 300 candles for chunk 1
2025-05-16 07:44:20,724 - crypto_data_scraper - INFO - Fetching chunk 2/48 for BTC-USDC: 2025-05-06 12:44:20 to 2025-05-06 17:44:20
2025-05-16 07:44:21,928 - crypto_data_scraper - INFO - Fetched 300 candles for chunk 2
2025-05-16 07:44:21,928 - crypto_data_scraper - INFO - Fetching chunk 3/48 for BTC-USDC: 2025-05-06 17:44:20 to 2025-05-06 22:44:20
2025-05-16 07:44:23,062 - crypto_data_scraper - INFO - Fetched 300 candles for chunk 3
2025-05-16 07:44:23,063 - crypto_data_scraper - INFO - Fetching chunk 4/48 for BTC-USDC: 2025-05-06 22:44:20 to 2025-05-07 03:44:20
2025-05-16 07:44:24,214 - crypto_data_scraper - INFO - Fetched 300 candles for chunk 4
2025-05-16 07:44:24,214 - crypto_data_scraper - INFO - Fetching chunk 5/48 for BTC-USDC: 2025-05-07 03:44:20 to 2025-05-07 08:44:20
2025-05-16 07:44:25,423 - crypto_data_scraper - INFO - Fetched 300 candles for chunk 5
2025-05-16 07:44:25,423 - crypto_data_scraper - INFO - Fetching chunk 6/48 for BTC-USDC: 2025-05-07 08:44:20 to 2025-05-07 13:44:20
2025-05-16 07:44:26,568 - crypto_data_scraper - INFO - Fetched 300 candles for chunk 6
2025-05-16 07:44:26,569 - crypto_data_scraper - INFO - Fetching chunk 7/48 for BTC-USDC: 2025-05-07 13:44:20 to 2025-05-07 18:44:20
2025-05-16 07:44:27,763 - crypto_data_scraper - INFO - Fetched 300 candles for chunk 7
2025-05-16 07:44:27,763 - crypto_data_scraper - INFO - Fetching chunk 8/48 for BTC-USDC: 2025-05-07 18:44:20 to 2025-05-07 23:44:20
2025-05-16 07:44:28,909 - crypto_data_scraper - INFO - Fetched 300 candles for chunk 8
2025-05-16 07:44:28,910 - crypto_data_scraper - INFO - Fetching chunk 9/48 for BTC-USDC: 2025-05-07 23:44:20 to 2025-05-08 04:44:20
2025-05-16 07:44:30,072 - crypto_data_scraper - INFO - Fetched 300 candles for chunk 9
2025-05-16 07:44:30,073 - crypto_data_scraper - INFO - Fetching chunk 10/48 for BTC-USDC: 2025-05-08 04:44:20 to 2025-05-08 09:44:20
2025-05-16 07:44:31,270 - crypto_data_scraper - INFO - Fetched 300 candles for chunk 10
2025-05-16 07:44:31,270 - crypto_data_scraper - INFO - Fetching chunk 11/48 for BTC-USDC: 2025-05-08 09:44:20 to 2025-05-08 14:44:20
2025-05-16 07:44:32,474 - crypto_data_scraper - INFO - Fetched 300 candles for chunk 11
2025-05-16 07:44:32,474 - crypto_data_scraper - INFO - Fetching chunk 12/48 for BTC-USDC: 2025-05-08 14:44:20 to 2025-05-08 19:44:20
2025-05-16 07:44:33,673 - crypto_data_scraper - INFO - Fetched 300 candles for chunk 12
2025-05-16 07:44:33,674 - crypto_data_scraper - INFO - Fetching chunk 13/48 for BTC-USDC: 2025-05-08 19:44:20 to 2025-05-09 00:44:20
2025-05-16 07:44:34,898 - crypto_data_scraper - INFO - Fetched 300 candles for chunk 13
2025-05-16 07:44:34,899 - crypto_data_scraper - INFO - Fetching chunk 14/48 for BTC-USDC: 2025-05-09 00:44:20 to 2025-05-09 05:44:20
2025-05-16 07:44:36,024 - crypto_data_scraper - INFO - Fetched 300 candles for chunk 14
2025-05-16 07:44:36,024 - crypto_data_scraper - INFO - Fetching chunk 15/48 for BTC-USDC: 2025-05-09 05:44:20 to 2025-05-09 10:44:20
2025-05-16 07:44:37,160 - crypto_data_scraper - INFO - Fetched 300 candles for chunk 15
2025-05-16 07:44:37,161 - crypto_data_scraper - INFO - Fetching chunk 16/48 for BTC-USDC: 2025-05-09 10:44:20 to 2025-05-09 15:44:20
2025-05-16 07:44:38,289 - crypto_data_scraper - INFO - Fetched 300 candles for chunk 16
2025-05-16 07:44:38,290 - crypto_data_scraper - INFO - Fetching chunk 17/48 for BTC-USDC: 2025-05-09 15:44:20 to 2025-05-09 20:44:20
2025-05-16 07:44:39,416 - crypto_data_scraper - INFO - Fetched 300 candles for chunk 17
2025-05-16 07:44:39,417 - crypto_data_scraper - INFO - Fetching chunk 18/48 for BTC-USDC: 2025-05-09 20:44:20 to 2025-05-10 01:44:20
2025-05-16 07:44:40,546 - crypto_data_scraper - INFO - Fetched 300 candles for chunk 18
2025-05-16 07:44:40,547 - crypto_data_scraper - INFO - Fetching chunk 19/48 for BTC-USDC: 2025-05-10 01:44:20 to 2025-05-10 06:44:20
2025-05-16 07:44:41,756 - crypto_data_scraper - INFO - Fetched 300 candles for chunk 19
2025-05-16 07:44:41,756 - crypto_data_scraper - INFO - Fetching chunk 20/48 for BTC-USDC: 2025-05-10 06:44:20 to 2025-05-10 11:44:20
2025-05-16 07:44:42,900 - crypto_data_scraper - INFO - Fetched 300 candles for chunk 20
2025-05-16 07:44:42,900 - crypto_data_scraper - INFO - Fetching chunk 21/48 for BTC-USDC: 2025-05-10 11:44:20 to 2025-05-10 16:44:20
2025-05-16 07:44:44,116 - crypto_data_scraper - INFO - Fetched 300 candles for chunk 21
2025-05-16 07:44:44,116 - crypto_data_scraper - INFO - Fetching chunk 22/48 for BTC-USDC: 2025-05-10 16:44:20 to 2025-05-10 21:44:20
2025-05-16 07:44:45,328 - crypto_data_scraper - INFO - Fetched 300 candles for chunk 22
2025-05-16 07:44:45,328 - crypto_data_scraper - INFO - Fetching chunk 23/48 for BTC-USDC: 2025-05-10 21:44:20 to 2025-05-11 02:44:20
2025-05-16 07:44:46,542 - crypto_data_scraper - INFO - Fetched 300 candles for chunk 23
2025-05-16 07:44:46,542 - crypto_data_scraper - INFO - Fetching chunk 24/48 for BTC-USDC: 2025-05-11 02:44:20 to 2025-05-11 07:44:20
2025-05-16 07:44:47,742 - crypto_data_scraper - INFO - Fetched 300 candles for chunk 24
2025-05-16 07:44:47,743 - crypto_data_scraper - INFO - Fetching chunk 25/48 for BTC-USDC: 2025-05-11 07:44:20 to 2025-05-11 12:44:20
2025-05-16 07:44:48,869 - crypto_data_scraper - INFO - Fetched 300 candles for chunk 25
2025-05-16 07:44:48,870 - crypto_data_scraper - INFO - Fetching chunk 26/48 for BTC-USDC: 2025-05-11 12:44:20 to 2025-05-11 17:44:20
2025-05-16 07:44:50,009 - crypto_data_scraper - INFO - Fetched 300 candles for chunk 26
2025-05-16 07:44:50,010 - crypto_data_scraper - INFO - Fetching chunk 27/48 for BTC-USDC: 2025-05-11 17:44:20 to 2025-05-11 22:44:20
2025-05-16 07:44:51,141 - crypto_data_scraper - INFO - Fetched 300 candles for chunk 27
2025-05-16 07:44:51,142 - crypto_data_scraper - INFO - Fetching chunk 28/48 for BTC-USDC: 2025-05-11 22:44:20 to 2025-05-12 03:44:20
2025-05-16 07:44:52,347 - crypto_data_scraper - INFO - Fetched 300 candles for chunk 28
2025-05-16 07:44:52,347 - crypto_data_scraper - INFO - Fetching chunk 29/48 for BTC-USDC: 2025-05-12 03:44:20 to 2025-05-12 08:44:20
2025-05-16 07:44:53,547 - crypto_data_scraper - INFO - Fetched 300 candles for chunk 29
2025-05-16 07:44:53,547 - crypto_data_scraper - INFO - Fetching chunk 30/48 for BTC-USDC: 2025-05-12 08:44:20 to 2025-05-12 13:44:20
2025-05-16 07:44:54,756 - crypto_data_scraper - INFO - Fetched 300 candles for chunk 30
2025-05-16 07:44:54,756 - crypto_data_scraper - INFO - Fetching chunk 31/48 for BTC-USDC: 2025-05-12 13:44:20 to 2025-05-12 18:44:20
2025-05-16 07:44:55,873 - crypto_data_scraper - INFO - Fetched 300 candles for chunk 31
2025-05-16 07:44:55,874 - crypto_data_scraper - INFO - Fetching chunk 32/48 for BTC-USDC: 2025-05-12 18:44:20 to 2025-05-12 23:44:20
2025-05-16 07:44:57,001 - crypto_data_scraper - INFO - Fetched 300 candles for chunk 32
2025-05-16 07:44:57,002 - crypto_data_scraper - INFO - Fetching chunk 33/48 for BTC-USDC: 2025-05-12 23:44:20 to 2025-05-13 04:44:20
2025-05-16 07:44:58,229 - crypto_data_scraper - INFO - Fetched 300 candles for chunk 33
2025-05-16 07:44:58,229 - crypto_data_scraper - INFO - Fetching chunk 34/48 for BTC-USDC: 2025-05-13 04:44:20 to 2025-05-13 09:44:20
2025-05-16 07:44:59,354 - crypto_data_scraper - INFO - Fetched 300 candles for chunk 34
2025-05-16 07:44:59,354 - crypto_data_scraper - INFO - Fetching chunk 35/48 for BTC-USDC: 2025-05-13 09:44:20 to 2025-05-13 14:44:20
2025-05-16 07:45:00,559 - crypto_data_scraper - INFO - Fetched 300 candles for chunk 35
2025-05-16 07:45:00,559 - crypto_data_scraper - INFO - Fetching chunk 36/48 for BTC-USDC: 2025-05-13 14:44:20 to 2025-05-13 19:44:20
2025-05-16 07:45:01,796 - crypto_data_scraper - INFO - Fetched 300 candles for chunk 36
2025-05-16 07:45:01,797 - crypto_data_scraper - INFO - Fetching chunk 37/48 for BTC-USDC: 2025-05-13 19:44:20 to 2025-05-14 00:44:20
2025-05-16 07:45:03,024 - crypto_data_scraper - INFO - Fetched 300 candles for chunk 37
2025-05-16 07:45:03,025 - crypto_data_scraper - INFO - Fetching chunk 38/48 for BTC-USDC: 2025-05-14 00:44:20 to 2025-05-14 05:44:20
2025-05-16 07:45:04,150 - crypto_data_scraper - INFO - Fetched 300 candles for chunk 38
2025-05-16 07:45:04,150 - crypto_data_scraper - INFO - Fetching chunk 39/48 for BTC-USDC: 2025-05-14 05:44:20 to 2025-05-14 10:44:20
2025-05-16 07:45:05,364 - crypto_data_scraper - INFO - Fetched 300 candles for chunk 39
2025-05-16 07:45:05,365 - crypto_data_scraper - INFO - Fetching chunk 40/48 for BTC-USDC: 2025-05-14 10:44:20 to 2025-05-14 15:44:20
2025-05-16 07:45:06,571 - crypto_data_scraper - INFO - Fetched 300 candles for chunk 40
2025-05-16 07:45:06,572 - crypto_data_scraper - INFO - Fetching chunk 41/48 for BTC-USDC: 2025-05-14 15:44:20 to 2025-05-14 20:44:20
2025-05-16 07:45:07,710 - crypto_data_scraper - INFO - Fetched 300 candles for chunk 41
2025-05-16 07:45:07,710 - crypto_data_scraper - INFO - Fetching chunk 42/48 for BTC-USDC: 2025-05-14 20:44:20 to 2025-05-15 01:44:20
2025-05-16 07:45:08,845 - crypto_data_scraper - INFO - Fetched 300 candles for chunk 42
2025-05-16 07:45:08,845 - crypto_data_scraper - INFO - Fetching chunk 43/48 for BTC-USDC: 2025-05-15 01:44:20 to 2025-05-15 06:44:20
2025-05-16 07:45:09,980 - crypto_data_scraper - INFO - Fetched 300 candles for chunk 43
2025-05-16 07:45:09,981 - crypto_data_scraper - INFO - Fetching chunk 44/48 for BTC-USDC: 2025-05-15 06:44:20 to 2025-05-15 11:44:20
2025-05-16 07:45:11,157 - crypto_data_scraper - INFO - Fetched 300 candles for chunk 44
2025-05-16 07:45:11,157 - crypto_data_scraper - INFO - Fetching chunk 45/48 for BTC-USDC: 2025-05-15 11:44:20 to 2025-05-15 16:44:20
2025-05-16 07:45:12,368 - crypto_data_scraper - INFO - Fetched 300 candles for chunk 45
2025-05-16 07:45:12,368 - crypto_data_scraper - INFO - Fetching chunk 46/48 for BTC-USDC: 2025-05-15 16:44:20 to 2025-05-15 21:44:20
2025-05-16 07:45:13,576 - crypto_data_scraper - INFO - Fetched 300 candles for chunk 46
2025-05-16 07:45:13,577 - crypto_data_scraper - INFO - Fetching chunk 47/48 for BTC-USDC: 2025-05-15 21:44:20 to 2025-05-16 02:44:20
2025-05-16 07:45:14,795 - crypto_data_scraper - INFO - Fetched 300 candles for chunk 47
2025-05-16 07:45:14,795 - crypto_data_scraper - INFO - Fetching chunk 48/48 for BTC-USDC: 2025-05-16 02:44:20 to 2025-05-16 07:44:20
2025-05-16 07:45:16,000 - crypto_data_scraper - INFO - Fetched 300 candles for chunk 48
2025-05-16 07:45:16,029 - crypto_data_scraper - INFO - Average interval between candles for BTC-USDC: 60.0 seconds
2025-05-16 07:45:16,030 - crypto_data_scraper - INFO - Successfully fetched 14400 one-minute candles for BTC-USDC
2025-05-16 07:45:16,155 - crypto_data_scraper - INFO - Data saved to market_data/BTC_USDC/BTC_USDC_20250506_to_20250516_one_minute.csv
2025-05-16 07:45:16,328 - crypto_data_scraper - INFO - Master data updated for BTC-USDC, total records: 16938
2025-05-16 07:45:17,830 - crypto_data_scraper - INFO - Found 3 cryptocurrency directories
2025-05-16 07:45:17,837 - crypto_data_scraper - INFO - Added 1432 records for BONK-USDC
2025-05-16 07:45:17,880 - crypto_data_scraper - INFO - Added 16938 records for BTC-USDC
2025-05-16 07:45:17,894 - crypto_data_scraper - INFO - Added 7200 records for ETH-USDC
2025-05-16 07:45:18,136 - crypto_data_scraper - INFO - Combined master file created at market_data/all_crypto_master.csv
2025-05-16 07:45:18,136 - crypto_data_scraper - INFO - Total records: 25570, Symbols: 3
2025-05-16 07:45:18,138 - crypto_data_scraper - INFO - Data scraping completed. Saved 2 files.
