2025-05-16 07:38:40,813 - data_quality_check - INFO - Initializing data quality checks on market_data
2025-05-16 07:38:40,814 - data_quality_check - INFO - Running data quality checks on 2 cryptocurrencies
2025-05-16 07:38:40,815 - data_quality_check - INFO - Processing BTC-USDC
2025-05-16 07:38:40,841 - data_quality_check - INFO - Checking data continuity for BTC-USDC
2025-05-16 07:38:40,864 - data_quality_check - INFO - BTC-USDC: Found 1 gaps in the data
2025-05-16 07:38:40,865 - data_quality_check - INFO - BTC-USDC: Data completeness: 51.89%
2025-05-16 07:38:40,866 - data_quality_check - INFO - Checking price anomalies for BTC-USDC
2025-05-16 07:38:40,876 - data_quality_check - INFO - BTC-USDC: Detected 132 potential price anomalies
2025-05-16 07:38:40,876 - data_quality_check - INFO - BTC-USDC: Found 0 candles with invalid price values
2025-05-16 07:38:40,877 - data_quality_check - INFO - Verifying OHLC consistency for BTC-USDC
2025-05-16 07:38:40,910 - data_quality_check - INFO - BTC-USDC: Found 0 OHLC inconsistencies
2025-05-16 07:38:40,910 - data_quality_check - INFO - BTC-USDC: Found 1 open/previous close mismatches
2025-05-16 07:38:40,911 - data_quality_check - INFO - Analyzing volume patterns for BTC-USDC
2025-05-16 07:38:40,914 - data_quality_check - INFO - BTC-USDC: Found 0 candles with zero volume
2025-05-16 07:38:40,915 - data_quality_check - INFO - BTC-USDC: Found 102 volume outliers
2025-05-16 07:38:40,915 - data_quality_check - INFO - Generating visualizations for BTC-USDC
2025-05-16 07:38:56,447 - data_quality_check - INFO - BTC-USDC: Generated 3 visualizations
2025-05-16 07:38:56,461 - data_quality_check - INFO - Processing ETH-USDC
2025-05-16 07:38:56,487 - data_quality_check - INFO - Checking data continuity for ETH-USDC
2025-05-16 07:38:56,498 - data_quality_check - INFO - ETH-USDC: Found 0 gaps in the data
2025-05-16 07:38:56,499 - data_quality_check - INFO - ETH-USDC: Data completeness: 100.01%
2025-05-16 07:38:56,499 - data_quality_check - INFO - Checking price anomalies for ETH-USDC
2025-05-16 07:38:56,506 - data_quality_check - INFO - ETH-USDC: Detected 114 potential price anomalies
2025-05-16 07:38:56,506 - data_quality_check - INFO - ETH-USDC: Found 0 candles with invalid price values
2025-05-16 07:38:56,507 - data_quality_check - INFO - Verifying OHLC consistency for ETH-USDC
2025-05-16 07:38:56,519 - data_quality_check - INFO - ETH-USDC: Found 0 OHLC inconsistencies
2025-05-16 07:38:56,519 - data_quality_check - INFO - ETH-USDC: Found 1 open/previous close mismatches
2025-05-16 07:38:56,520 - data_quality_check - INFO - Analyzing volume patterns for ETH-USDC
2025-05-16 07:38:56,522 - data_quality_check - INFO - ETH-USDC: Found 0 candles with zero volume
2025-05-16 07:38:56,522 - data_quality_check - INFO - ETH-USDC: Found 120 volume outliers
2025-05-16 07:38:56,523 - data_quality_check - INFO - Generating visualizations for ETH-USDC
2025-05-16 07:39:05,274 - data_quality_check - INFO - ETH-USDC: Generated 3 visualizations
2025-05-16 07:39:05,274 - data_quality_check - INFO - Generating HTML report
2025-05-16 07:39:05,276 - data_quality_check - INFO - HTML report saved to market_data/data_quality_report.html
